<?xml version="1.0" encoding="UTF-8"?>
<testsuite xmlns:xsi="http://www.w3.org/2001/XMLSchema-instance" xsi:noNamespaceSchemaLocation="https://maven.apache.org/surefire/maven-surefire-plugin/xsd/surefire-test-report.xsd" version="3.0.2" name="com.aegis.merged.security.JwtServiceTest" time="0.131" tests="5" errors="0" skipped="0" failures="0">
  <properties>
[...]
</properties>
  <testcase name="logsButDoesNotThrowOutsideProdWithDefaultSecret" classname="com.aegis.merged.security.JwtServiceTest" time="0.126">
    <system-out><![CDATA[08:41:35.845 [main] ERROR com.aegis.merged.security.JwtService -- SECURITY: aegis.jwt.secret is unset — using the built-in DEV-ONLY default. Every JWT this instance mints or trusts is forgeable by anyone who reads this source file. Set aegis.jwt.secret to a real secret before any shared/prod use.
]]></system-out>
  </testcase>
  <testcase name="startsUnderProdWithAStrongSecret" classname="com.aegis.merged.security.JwtServiceTest" time="0.001"/>
  <testcase name="mintedTokenCarriesSignedTenantAndRolePermissions" classname="com.aegis.merged.security.JwtServiceTest" time="0.001"/>
  <testcase name="refusesToStartUnderProdWithShortCustomSecret" classname="com.aegis.merged.security.JwtServiceTest" time="0.001"/>
  <testcase name="refusesToStartUnderProdWithDefaultSecret" classname="com.aegis.merged.security.JwtServiceTest" time="0.0"/>
</testsuite>